0 info it worked if it ends with ok
1 verbose cli [ '/Users/twarr/.nvm/versions/node/v5.11.1/bin/node',
1 verbose cli   '/Users/twarr/.nvm/versions/node/v5.11.1/bin/npm',
1 verbose cli   'run',
1 verbose cli   'server' ]
2 info using npm@3.8.6
3 info using node@v5.11.1
4 verbose run-script [ 'preserver', 'server', 'postserver' ]
5 info lifecycle bloomfire-zendesk-app@1.0.0~preserver: bloomfire-zendesk-app@1.0.0
6 silly lifecycle bloomfire-zendesk-app@1.0.0~preserver: no script for preserver, continuing
7 info lifecycle bloomfire-zendesk-app@1.0.0~server: bloomfire-zendesk-app@1.0.0
8 verbose lifecycle bloomfire-zendesk-app@1.0.0~server: unsafe-perm in lifecycle true
9 verbose lifecycle bloomfire-zendesk-app@1.0.0~server: PATH: /Users/twarr/.nvm/versions/node/v5.11.1/lib/node_modules/npm/bin/node-gyp-bin:/Users/twarr/code/mashbox/bloomfire-zendesk-app/node_modules/.bin:/Users/twarr/.nvm/versions/node/v5.11.1/bin:/Users/twarr/.rbenv/shims:/Users/twarr/.nvm/versions/node/v5.11.1/bin:/Users/twarr/.rbenv/shims:/Users/twarr/.rbenv/shims:/usr/local/share/npm/bin:/Users/twarr/bin:/usr/local/bin:/usr/local/sbin:/usr/bin:/bin:/usr/sbin:/sbin:/usr/local/bin:/Applications/Postgres.app/Contents/Versions/9.3/bin
10 verbose lifecycle bloomfire-zendesk-app@1.0.0~server: CWD: /Users/twarr/code/mashbox/bloomfire-zendesk-app
11 silly lifecycle bloomfire-zendesk-app@1.0.0~server: Args: [ '-c', 'zat server -c settings.json' ]
12 silly lifecycle bloomfire-zendesk-app@1.0.0~server: Returned: code: 1  signal: null
13 info lifecycle bloomfire-zendesk-app@1.0.0~server: Failed to exec server script
14 verbose stack Error: bloomfire-zendesk-app@1.0.0 server: `zat server -c settings.json`
14 verbose stack Exit status 1
14 verbose stack     at EventEmitter.<anonymous> (/Users/twarr/.nvm/versions/node/v5.11.1/lib/node_modules/npm/lib/utils/lifecycle.js:239:16)
14 verbose stack     at emitTwo (events.js:100:13)
14 verbose stack     at EventEmitter.emit (events.js:185:7)
14 verbose stack     at ChildProcess.<anonymous> (/Users/twarr/.nvm/versions/node/v5.11.1/lib/node_modules/npm/lib/utils/spawn.js:24:14)
14 verbose stack     at emitTwo (events.js:100:13)
14 verbose stack     at ChildProcess.emit (events.js:185:7)
14 verbose stack     at maybeClose (internal/child_process.js:850:16)
14 verbose stack     at Process.ChildProcess._handle.onexit (internal/child_process.js:215:5)
15 verbose pkgid bloomfire-zendesk-app@1.0.0
16 verbose cwd /Users/twarr/code/mashbox/bloomfire-zendesk-app/app
17 error Darwin 16.4.0
18 error argv "/Users/twarr/.nvm/versions/node/v5.11.1/bin/node" "/Users/twarr/.nvm/versions/node/v5.11.1/bin/npm" "run" "server"
19 error node v5.11.1
20 error npm  v3.8.6
21 error code ELIFECYCLE
22 error bloomfire-zendesk-app@1.0.0 server: `zat server -c settings.json`
22 error Exit status 1
23 error Failed at the bloomfire-zendesk-app@1.0.0 server script 'zat server -c settings.json'.
23 error Make sure you have the latest version of node.js and npm installed.
23 error If you do, this is most likely a problem with the bloomfire-zendesk-app package,
23 error not with npm itself.
23 error Tell the author that this fails on your system:
23 error     zat server -c settings.json
23 error You can get information on how to open an issue for this project with:
23 error     npm bugs bloomfire-zendesk-app
23 error Or if that isn't available, you can get their info via:
23 error     npm owner ls bloomfire-zendesk-app
23 error There is likely additional logging output above.
24 verbose exit [ 1, true ]
